[debug] [2021-02-13T17:23:00.057Z] ----------------------------------------------------------------------
[debug] [2021-02-13T17:23:00.059Z] Command:       C:\Program Files\nodejs\node.exe C:\Program Files\nodejs\node_modules\firebase-tools\lib\bin\firebase.js init
[debug] [2021-02-13T17:23:00.060Z] CLI Version:   9.3.0
[debug] [2021-02-13T17:23:00.060Z] Platform:      win32
[debug] [2021-02-13T17:23:00.060Z] Node Version:  v15.8.0
[debug] [2021-02-13T17:23:00.062Z] Time:          Sat Feb 13 2021 11:23:00 GMT-0600 (Central Standard Time)
[debug] [2021-02-13T17:23:00.062Z] ----------------------------------------------------------------------
[debug] [2021-02-13T17:23:00.063Z] 
[debug] [2021-02-13T17:23:00.069Z] > command requires scopes: ["email","openid","https://www.googleapis.com/auth/cloudplatformprojects.readonly","https://www.googleapis.com/auth/firebase","https://www.googleapis.com/auth/cloud-platform"]
[debug] [2021-02-13T17:23:00.070Z] > authorizing via signed-in user
[info] 
     ######## #### ########  ######## ########     ###     ######  ########
     ##        ##  ##     ## ##       ##     ##  ##   ##  ##       ##
     ######    ##  ########  ######   ########  #########  ######  ######
     ##        ##  ##    ##  ##       ##     ## ##     ##       ## ##
     ##       #### ##     ## ######## ########  ##     ##  ######  ########

You're about to initialize a Firebase project in this directory:

  E:\Sites\react\tinder-clone

[info] 
=== Project Setup
[info] 
[info] First, let's associate this project directory with a Firebase project.
[info] You can create multiple project aliases by running firebase use --add, 
[info] but for now we'll just set up a default project.
[info] 
[debug] [2021-02-13T17:24:08.983Z] >>> [apiv2][query] GET https://firebase.googleapis.com/v1beta1/projects pageSize=100
[debug] [2021-02-13T17:24:09.411Z] <<< [apiv2][status] GET https://firebase.googleapis.com/v1beta1/projects 200
[debug] [2021-02-13T17:24:09.411Z] <<< [apiv2][body] GET https://firebase.googleapis.com/v1beta1/projects [omitted]
[info] i  Using project tinder-clone-824da (tinder-clone) 
[info] 
=== Hosting Setup
[info] 
[info] Your public directory is the folder (relative to your project directory) that
[info] will contain Hosting assets to be uploaded with firebase deploy. If you
[info] have a build process for your assets, use your build's output directory.
[info] 
[debug] [2021-02-13T17:25:51.437Z] >>> [apiv2][query] GET https://www.gstatic.com/firebasejs/releases.json [none]
[debug] [2021-02-13T17:25:51.543Z] <<< [apiv2][status] GET https://www.gstatic.com/firebasejs/releases.json 200
[debug] [2021-02-13T17:25:51.544Z] <<< [apiv2][body] GET https://www.gstatic.com/firebasejs/releases.json {"current":{"version":"8.2.7","browserURL":"https://www.gstatic.com/firebasejs/8.2.7/firebase.js","packageURL":"https://www.gstatic.com/firebasejs/8.2.7/firebase.tgz"},"live":{"version":"8.2","browserURL":"https://www.gstatic.com/firebasejs/live/8.2/firebase.js","packageURL":"https://www.gstatic.com/firebasejs/live/8.2/firebase.tgz"},"components":{"analytics":"https://www.gstatic.com/firebasejs/8.2.7/firebase-analytics.js","app":"https://www.gstatic.com/firebasejs/8.2.7/firebase-app.js","auth":"https://www.gstatic.com/firebasejs/8.2.7/firebase-auth.js","database":"https://www.gstatic.com/firebasejs/8.2.7/firebase-database.js","firestore":"https://www.gstatic.com/firebasejs/8.2.7/firebase-firestore.js","functions":"https://www.gstatic.com/firebasejs/8.2.7/firebase-functions.js","installations":"https://www.gstatic.com/firebasejs/8.2.7/firebase-installations.js","messaging":"https://www.gstatic.com/firebasejs/8.2.7/firebase-messaging.js","storage":"https://www.gstatic.com/firebasejs/8.2.7/firebase-storage.js","performance":"https://www.gstatic.com/firebasejs/8.2.7/firebase-performance.js","remote-config":"https://www.gstatic.com/firebasejs/8.2.7/firebase-remote-config.js","firestore.memory":"https://www.gstatic.com/firebasejs/8.2.7/firebase-firestore.memory.js"}}
[info] +  Wrote build/index.html 
[info] 
[info] i  Detected a .git folder at E:\Sites\react\tinder-clone 
[info] i  Authorizing with GitHub to upload your service account to a GitHub repository's secrets store. 
[info] 
[info] Visit this URL on this device to log in:
[info] https://github.com/login/oauth/authorize?client_id=89cf50f02ac6aaed3484&state=986144667&redirect_uri=http%3A%2F%2Flocalhost%3A9005&scope=read%3Auser%20repo%20public_repo
[info] 
[info] Waiting for authentication...
[debug] [2021-02-13T17:25:59.611Z] >>> HTTP REQUEST POST https://github.com/login/oauth/access_token  
 {"client_id":"89cf50f02ac6aaed3484","client_secret":"3330d14abc895d9a74d5f17cd7a00711fa2c5bf0","code":"e91306cd063ccc1f279a","redirect_uri":"http://localhost:9005","state":"986144667"}
[debug] [2021-02-13T17:26:00.005Z] <<< HTTP RESPONSE 200 {"server":"GitHub.com","date":"Sat, 13 Feb 2021 17:26:00 GMT","content-type":"application/json; charset=utf-8","transfer-encoding":"chunked","vary":"X-PJAX, Accept-Encoding, Accept, X-Requested-With","etag":"W/\"06adb8ac89af5bea29f52aa8f0b8e04f\"","cache-control":"max-age=0, private, must-revalidate","strict-transport-security":"max-age=31536000; includeSubdomains; preload","x-frame-options":"deny","x-content-type-options":"nosniff","x-xss-protection":"1; mode=block","referrer-policy":"origin-when-cross-origin, strict-origin-when-cross-origin","expect-ct":"max-age=2592000, report-uri=\"https://api.github.com/_private/browser/errors\"","content-security-policy":"default-src 'none'; base-uri 'self'; block-all-mixed-content; connect-src 'self' uploads.github.com www.githubstatus.com collector.githubapp.com api.github.com github-cloud.s3.amazonaws.com github-production-repository-file-5c1aeb.s3.amazonaws.com github-production-upload-manifest-file-7fdce7.s3.amazonaws.com github-production-user-asset-6210df.s3.amazonaws.com cdn.optimizely.com logx.optimizely.com/v1/events wss://alive.github.com; font-src github.githubassets.com; form-action 'self' github.com gist.github.com; frame-ancestors 'none'; frame-src render.githubusercontent.com; img-src 'self' data: github.githubassets.com identicons.github.com collector.githubapp.com github-cloud.s3.amazonaws.com user-images.githubusercontent.com/ *.githubusercontent.com; manifest-src 'self'; media-src 'none'; script-src github.githubassets.com; style-src 'unsafe-inline' github.githubassets.com; worker-src github.com/socket-worker-5029ae85.js gist.github.com/socket-worker-5029ae85.js","x-github-request-id":"D86B:0C23:11DA570:18F9A67:60280BA8"}
[debug] [2021-02-13T17:26:00.006Z] >>> [apiv2][query] GET https://api.github.com/user [none]
[debug] [2021-02-13T17:26:00.466Z] <<< [apiv2][status] GET https://api.github.com/user 200
[debug] [2021-02-13T17:26:00.467Z] <<< [apiv2][body] GET https://api.github.com/user {"login":"A01027265","id":42215167,"node_id":"MDQ6VXNlcjQyMjE1MTY3","avatar_url":"https://avatars.githubusercontent.com/u/42215167?v=4","gravatar_id":"","url":"https://api.github.com/users/A01027265","html_url":"https://github.com/A01027265","followers_url":"https://api.github.com/users/A01027265/followers","following_url":"https://api.github.com/users/A01027265/following{/other_user}","gists_url":"https://api.github.com/users/A01027265/gists{/gist_id}","starred_url":"https://api.github.com/users/A01027265/starred{/owner}{/repo}","subscriptions_url":"https://api.github.com/users/A01027265/subscriptions","organizations_url":"https://api.github.com/users/A01027265/orgs","repos_url":"https://api.github.com/users/A01027265/repos","events_url":"https://api.github.com/users/A01027265/events{/privacy}","received_events_url":"https://api.github.com/users/A01027265/received_events","type":"User","site_admin":false,"name":"empobla","company":null,"blog":"","location":null,"email":null,"hireable":null,"bio":null,"twitter_username":null,"public_repos":9,"public_gists":0,"followers":0,"following":0,"created_at":"2018-08-08T16:04:39Z","updated_at":"2021-02-13T17:25:59Z","private_gists":0,"total_private_repos":4,"owned_private_repos":3,"disk_usage":260184,"collaborators":0,"two_factor_authentication":false,"plan":{"name":"free","space":976562499,"collaborators":0,"private_repos":10000}}
[info] 
[info] +  Success! Logged into GitHub as A01027265 
[info] 
